Arguments: 
  C:\Program Files\nodejs\node.exe C:\Users\sohai\AppData\Roaming\npm\node_modules\yarn\bin\yarn.js init

PATH: 
  C:\WINDOWS\system32;C:\WINDOWS;C:\WINDOWS\System32\Wbem;C:\WINDOWS\System32\WindowsPowerShell\v1.0\;C:\WINDOWS\System32\OpenSSH\;C:\Program Files\Cloudflare\Cloudflare WARP;C:\Program Files\dotnet\;C:\Program Files\Git\cmd;C:\Users\sohai\Downloads\curl-7.86.0-win64-mingw\curl-7.86.0-win64-mingw\bin;C:\msys64\mingw64\bin;C:\Users\sohai\.cargo\bin;C:\MinGW\bin;C:\Users\sohai\AppData\Roaming\nvm;C:\Program Files\nodejs;C:\Users\sohai\AppData\Local\Programs\Python\Python37\python.EXE;C:\Program Files\MySQL\MySQL Server 8.0\bin;C:\Program Files\Cloudflare\Cloudflare WARP\;C:\Program Files\MySQL\MySQL Shell 8.0\bin\;C:\Users\sohai\.cargo\bin;C:\Users\sohai\AppData\Local\Programs\Python\Python37\Scripts\;C:\Users\sohai\AppData\Local\Programs\Python\Python37\;C:\Users\sohai\AppData\Local\Microsoft\WindowsApps;C:\Users\sohai\AppData\Local\Programs\Microsoft VS Code\bin;C:\Program Files\JetBrains\PyCharm Community Edition 2021.3\bin;;C:\Windows\System32;C:\Users\sohai\.cargo\bin;C:\Users\sohai\AppData\Roaming\npm;C:\Users\sohai\AppData\Roaming\nvm;C:\Program Files\nodejs;C:\Users\sohai\AppData\Local\Programs\Python\Python37\python.EXE;

Yarn version: 
  1.22.19

Node version: 
  16.13.1

Platform: 
  win32 x64

Trace: 
  Error: canceled
      at Interface.<anonymous> (C:\Users\sohai\AppData\Roaming\npm\node_modules\yarn\lib\cli.js:137150:13)
      at Interface.emit (node:events:390:28)
      at Interface._ttyWrite (node:readline:1081:16)
      at ReadStream.onkeypress (node:readline:288:10)
      at ReadStream.emit (node:events:390:28)
      at emitKeys (node:internal/readline/utils:358:14)
      at emitKeys.next (<anonymous>)
      at ReadStream.onData (node:internal/readline/emitKeypressEvents:61:36)
      at ReadStream.emit (node:events:390:28)
      at addChunk (node:internal/streams/readable:315:12)

npm manifest: 
  No manifest

yarn manifest: 
  No manifest

Lockfile: 
  No lockfile
